21:49:00.580 [main] INFO  resources.base - browser launch
21:49:13.838 [main] INFO  resources.base - Title of we pageMy Account
21:49:32.444 [main] INFO  resources.base - browser launch
21:50:02.001 [main] INFO  resources.base - Description
Reviews (0)
Just when you thought iMac had everything, now there´s even more. More powerful Intel Core 2 Duo processors. And more memory standard. Combine this with Mac OS X Leopard and iLife ´08, and it´s more all-in-one than ever. iMac packs amazing performance into a stunningly slim space.
iMac
Brand: Apple
Product Code: Product 14
Availability: Out Of Stock
$100.00
Ex Tax: $100.00
Qty

Loading...
0 reviews / Write a review
Share
669
Related Products
Apple Cinema 30"
The 30-inch Apple Cinema HD Display delivers an amazing 2560 x 1600 pixel resolution. Designed speci..
$90.00 $100.00
Ex Tax: $90.00
ADD TO CART
